#
# There is insufficient memory for the Java Runtime Environment to continue.
# Native memory allocation (mmap) failed to map 174063616 bytes for committing reserved memory.
# Possible reasons:
#   The system is out of physical RAM or swap space
#   In 32 bit mode, the process size limit was hit
# Possible solutions:
#   Reduce memory load on the system
#   Increase physical memory or swap space
#   Check if swap backing store is full
#   Use 64 bit Java on a 64 bit OS
#   Decrease Java heap size (-Xmx/-Xms)
#   Decrease number of Java threads
#   Decrease Java thread stack sizes (-Xss)
#   Set larger code cache with -XX:ReservedCodeCacheSize=
# This output file may be truncated or incomplete.
#
#  Out of Memory Error (os_linux.cpp:2627), pid=17028, tid=0x00007f2187afa700
#
# JRE version: Java(TM) SE Runtime Environment (8.0_101-b13) (build 1.8.0_101-b13)
# Java VM: Java HotSpot(TM) 64-Bit Server VM (25.101-b13 mixed mode linux-amd64 compressed oops)
# Failed to write core dump. Core dumps have been disabled. To enable core dumping, try "ulimit -c unlimited" before starting Java again
#

---------------  T H R E A D  ---------------

Current thread (0x00007f21a8078000):  VMThread [stack: 0x00007f21879fa000,0x00007f2187afb000] [id=17037]

Stack: [0x00007f21879fa000,0x00007f2187afb000],  sp=0x00007f2187af9320,  free space=1020k
Native frames: (J=compiled Java code, j=interpreted, Vv=VM code, C=native code)
V  [libjvm.so+0xac3f0a]  VMError::report_and_die()+0x2ba
V  [libjvm.so+0x4fbf9b]  report_vm_out_of_memory(char const*, int, unsigned long, VMErrorType, char const*)+0x8b
V  [libjvm.so+0x9222d3]  os::Linux::commit_memory_impl(char*, unsigned long, bool)+0x103
V  [libjvm.so+0x922829]  os::pd_commit_memory(char*, unsigned long, unsigned long, bool)+0x29
V  [libjvm.so+0x91cb2a]  os::commit_memory(char*, unsigned long, unsigned long, bool)+0x2a
V  [libjvm.so+0x991053]  PSVirtualSpace::expand_by(unsigned long)+0x53
V  [libjvm.so+0x992458]  PSYoungGen::resize_generation(unsigned long, unsigned long)+0xf8
V  [libjvm.so+0x9915b2]  PSYoungGen::resize(unsigned long, unsigned long)+0x22
V  [libjvm.so+0x98e88b]  PSScavenge::invoke_no_policy()+0xf3b
V  [libjvm.so+0x98f011]  PSScavenge::invoke()+0x41
V  [libjvm.so+0x945fc0]  ParallelScavengeHeap::failed_mem_allocate(unsigned long)+0x70
V  [libjvm.so+0xac5927]  VM_ParallelGCFailedAllocation::doit()+0x97
V  [libjvm.so+0xacd405]  VM_Operation::evaluate()+0x55
V  [libjvm.so+0xacb7da]  VMThread::evaluate_operation(VM_Operation*)+0xba
V  [libjvm.so+0xacbb5e]  VMThread::loop()+0x1ce
V  [libjvm.so+0xacbfd0]  VMThread::run()+0x70
V  [libjvm.so+0x924698]  java_start(Thread*)+0x108

VM_Operation (0x00007f2186416b30): ParallelGCFailedAllocation, mode: safepoint, requested by thread 0x00007f21a814d000


---------------  P R O C E S S  ---------------

Java Threads: ( => current thread )
  0x00007f21a814d000 JavaThread "pool-1-thread-4" [_thread_blocked, id=17074, stack(0x00007f2186318000,0x00007f2186419000)]
  0x00007f21a814b800 JavaThread "pool-1-thread-3" [_thread_blocked, id=17073, stack(0x00007f2186419000,0x00007f218651a000)]
  0x00007f21a814a800 JavaThread "pool-1-thread-2" [_thread_blocked, id=17072, stack(0x00007f218651a000,0x00007f218661b000)]
  0x00007f21a8148800 JavaThread "pool-2-thread-1" [_thread_blocked, id=17071, stack(0x00007f218661b000,0x00007f218671c000)]
  0x00007f21a8146800 JavaThread "pool-1-thread-1" [_thread_blocked, id=17070, stack(0x00007f218671c000,0x00007f218681d000)]
  0x00007f21a80c8000 JavaThread "Service Thread" daemon [_thread_blocked, id=17044, stack(0x00007f2186934000,0x00007f2186a35000)]
  0x00007f21a80bd000 JavaThread "C1 CompilerThread2" daemon [_thread_blocked, id=17043, stack(0x00007f2186a35000,0x00007f2186b36000)]
  0x00007f21a80bb800 JavaThread "C2 CompilerThread1" daemon [_thread_blocked, id=17042, stack(0x00007f2186b36000,0x00007f2186c37000)]
  0x00007f21a80b8800 JavaThread "C2 CompilerThread0" daemon [_thread_blocked, id=17041, stack(0x00007f2186c37000,0x00007f2186d38000)]
  0x00007f21a80b7000 JavaThread "Signal Dispatcher" daemon [_thread_blocked, id=17040, stack(0x00007f2186d38000,0x00007f2186e39000)]
  0x00007f21a8084800 JavaThread "Finalizer" daemon [_thread_blocked, id=17039, stack(0x00007f21877f8000,0x00007f21878f9000)]
  0x00007f21a807f800 JavaThread "Reference Handler" daemon [_thread_blocked, id=17038, stack(0x00007f21878f9000,0x00007f21879fa000)]
  0x00007f21a800a000 JavaThread "main" [_thread_blocked, id=17031, stack(0x00007f21ae0c1000,0x00007f21ae1c2000)]

Other Threads:
=>0x00007f21a8078000 VMThread [stack: 0x00007f21879fa000,0x00007f2187afb000] [id=17037]
  0x00007f21a80cb000 WatcherThread [stack: 0x00007f2186833000,0x00007f2186934000] [id=17046]

VM state:at safepoint (normal execution)

VM Mutex/Monitor currently owned by a thread:  ([mutex/lock_event])
[0x00007f21a8006720] Threads_lock - owner thread: 0x00007f21a8078000
[0x00007f21a8006c20] Heap_lock - owner thread: 0x00007f21a814d000

Heap:
 PSYoungGen      total 132096K, used 5108K [0x00000000eab00000, 0x00000000f3100000, 0x0000000100000000)
  eden space 126976K, 0% used [0x00000000eab00000,0x00000000eab00000,0x00000000f2700000)
  from space 5120K, 99% used [0x00000000f2700000,0x00000000f2bfd090,0x00000000f2c00000)
  to   space 5120K, 0% used [0x00000000f2c00000,0x00000000f2c00000,0x00000000f3100000)
 ParOldGen       total 84992K, used 40737K [0x00000000c0000000, 0x00000000c5300000, 0x00000000eab00000)
  object space 84992K, 47% used [0x00000000c0000000,0x00000000c27c84d0,0x00000000c5300000)
 Metaspace       used 6339K, capacity 7192K, committed 7424K, reserved 1056768K
  class space    used 614K, capacity 656K, committed 768K, reserved 1048576K

Card table byte_map: [0x00007f2197ba9000,0x00007f2197daa000] byte_map_base: 0x00007f21975a9000

Marking Bits: (ParMarkBitMap*) 0x00007f21ad598120
 Begin Bits: [0x00007f219564f000, 0x00007f219664f000)
 End Bits:   [0x00007f219664f000, 0x00007f219764f000)

Polling page: 0x00007f21ae1e7000

CodeCache: size=245760Kb used=6899Kb max_used=6899Kb free=238860Kb
 bounds [0x00007f219816a000, 0x00007f219883a000, 0x00007f21a716a000]
 total_blobs=2111 nmethods=1843 adapters=182
 compilation: enabled

Compilation events (10 events):
Event: 7.546 Thread 0x00007f21a80bd000 nmethod 2125 0x00007f21988291d0 code [0x00007f2198829360, 0x00007f2198829588]
Event: 7.546 Thread 0x00007f21a80bd000 2126       2       com.android.dx.rop.cst.CstNat::hashCode (19 bytes)
Event: 7.546 Thread 0x00007f21a80bd000 nmethod 2126 0x00007f2198829850 code [0x00007f21988299c0, 0x00007f2198829b98]
Event: 7.555 Thread 0x00007f21a80bd000 2127       2       com.android.dx.rop.code.RegisterSpecList::withoutLast (60 bytes)
Event: 7.559 Thread 0x00007f21a80bd000 nmethod 2127 0x00007f2198829d10 code [0x00007f2198829ee0, 0x00007f219882a4c8]
Event: 7.559 Thread 0x00007f21a80bd000 2128       2       com.android.dx.rop.cst.CstLong::getType (4 bytes)
Event: 7.559 Thread 0x00007f21a80bd000 nmethod 2128 0x00007f219882aad0 code [0x00007f219882ac20, 0x00007f219882ad70]
Event: 7.559 Thread 0x00007f21a80bd000 2129       2       java.util.concurrent.locks.ReentrantLock$NonfairSync::lock (25 bytes)
Event: 7.560 Thread 0x00007f21a80bd000 nmethod 2129 0x00007f219882ae10 code [0x00007f219882afa0, 0x00007f219882b1f8]
Event: 7.562 Thread 0x00007f21a80bd000 2130 %     3       com.android.dx.ssa.back.FirstFitLocalCombiningAllocator::tryMapRegs @ 9 (110 bytes)

GC Heap History (9 events):
Event: 2.532 GC heap before
{Heap before GC invocations=1 (full 0):
 PSYoungGen      total 36864K, used 31744K [0x00000000eab00000, 0x00000000ed400000, 0x0000000100000000)
  eden space 31744K, 100% used [0x00000000eab00000,0x00000000eca00000,0x00000000eca00000)
  from space 5120K, 0% used [0x00000000ecf00000,0x00000000ecf00000,0x00000000ed400000)
  to   space 5120K, 0% used [0x00000000eca00000,0x00000000eca00000,0x00000000ecf00000)
 ParOldGen       total 84992K, used 0K [0x00000000c0000000, 0x00000000c5300000, 0x00000000eab00000)
  object space 84992K, 0% used [0x00000000c0000000,0x00000000c0000000,0x00000000c5300000)
 Metaspace       used 5721K, capacity 6704K, committed 6784K, reserved 1056768K
  class space    used 591K, capacity 616K, committed 640K, reserved 1048576K
Event: 2.565 GC heap after
Heap after GC invocations=1 (full 0):
 PSYoungGen      total 36864K, used 5014K [0x00000000eab00000, 0x00000000ef300000, 0x0000000100000000)
  eden space 31744K, 0% used [0x00000000eab00000,0x00000000eab00000,0x00000000eca00000)
  from space 5120K, 97% used [0x00000000eca00000,0x00000000ecee59c8,0x00000000ecf00000)
  to   space 5120K, 0% used [0x00000000eee00000,0x00000000eee00000,0x00000000ef300000)
 ParOldGen       total 84992K, used 8K [0x00000000c0000000, 0x00000000c5300000, 0x00000000eab00000)
  object space 84992K, 0% used [0x00000000c0000000,0x00000000c0002000,0x00000000c5300000)
 Metaspace       used 5721K, capacity 6704K, committed 6784K, reserved 1056768K
  class space    used 591K, capacity 616K, committed 640K, reserved 1048576K
}
Event: 3.845 GC heap before
{Heap before GC invocations=2 (full 0):
 PSYoungGen      total 36864K, used 36758K [0x00000000eab00000, 0x00000000ef300000, 0x0000000100000000)
  eden space 31744K, 100% used [0x00000000eab00000,0x00000000eca00000,0x00000000eca00000)
  from space 5120K, 97% used [0x00000000eca00000,0x00000000ecee59c8,0x00000000ecf00000)
  to   space 5120K, 0% used [0x00000000eee00000,0x00000000eee00000,0x00000000ef300000)
 ParOldGen       total 84992K, used 8K [0x00000000c0000000, 0x00000000c5300000, 0x00000000eab00000)
  object space 84992K, 0% used [0x00000000c0000000,0x00000000c0002000,0x00000000c5300000)
 Metaspace       used 5924K, capacity 6896K, committed 7040K, reserved 1056768K
  class space    used 593K, capacity 616K, committed 640K, reserved 1048576K
Event: 3.894 GC heap after
Heap after GC invocations=2 (full 0):
 PSYoungGen      total 68608K, used 5114K [0x00000000eab00000, 0x00000000ef300000, 0x0000000100000000)
  eden space 63488K, 0% used [0x00000000eab00000,0x00000000eab00000,0x00000000ee900000)
  from space 5120K, 99% used [0x00000000eee00000,0x00000000ef2febc8,0x00000000ef300000)
  to   space 5120K, 0% used [0x00000000ee900000,0x00000000ee900000,0x00000000eee00000)
 ParOldGen       total 84992K, used 2967K [0x00000000c0000000, 0x00000000c5300000, 0x00000000eab00000)
  object space 84992K, 3% used [0x00000000c0000000,0x00000000c02e5ee8,0x00000000c5300000)
 Metaspace       used 5924K, capacity 6896K, committed 7040K, reserved 1056768K
  class space    used 593K, capacity 616K, committed 640K, reserved 1048576K
}
Event: 5.186 GC heap before
{Heap before GC invocations=3 (full 0):
 PSYoungGen      total 68608K, used 68602K [0x00000000eab00000, 0x00000000ef300000, 0x0000000100000000)
  eden space 63488K, 100% used [0x00000000eab00000,0x00000000ee900000,0x00000000ee900000)
  from space 5120K, 99% used [0x00000000eee00000,0x00000000ef2febc8,0x00000000ef300000)
  to   space 5120K, 0% used [0x00000000ee900000,0x00000000ee900000,0x00000000eee00000)
 ParOldGen       total 84992K, used 2967K [0x00000000c0000000, 0x00000000c5300000, 0x00000000eab00000)
  object space 84992K, 3% used [0x00000000c0000000,0x00000000c02e5ee8,0x00000000c5300000)
 Metaspace       used 6068K, capacity 7024K, committed 7296K, reserved 1056768K
  class space    used 594K, capacity 616K, committed 640K, reserved 1048576K
Event: 5.244 GC heap after
Heap after GC invocations=3 (full 0):
 PSYoungGen      total 68608K, used 5116K [0x00000000eab00000, 0x00000000f3100000, 0x0000000100000000)
  eden space 63488K, 0% used [0x00000000eab00000,0x00000000eab00000,0x00000000ee900000)
  from space 5120K, 99% used [0x00000000ee900000,0x00000000eedff348,0x00000000eee00000)
  to   space 5120K, 0% used [0x00000000f2c00000,0x00000000f2c00000,0x00000000f3100000)
 ParOldGen       total 84992K, used 11684K [0x00000000c0000000, 0x00000000c5300000, 0x00000000eab00000)
  object space 84992K, 13% used [0x00000000c0000000,0x00000000c0b693e0,0x00000000c5300000)
 Metaspace       used 6068K, capacity 7024K, committed 7296K, reserved 1056768K
  class space    used 594K, capacity 616K, committed 640K, reserved 1048576K
}
Event: 5.943 GC heap before
{Heap before GC invocations=4 (full 0):
 PSYoungGen      total 68608K, used 68604K [0x00000000eab00000, 0x00000000f3100000, 0x0000000100000000)
  eden space 63488K, 100% used [0x00000000eab00000,0x00000000ee900000,0x00000000ee900000)
  from space 5120K, 99% used [0x00000000ee900000,0x00000000eedff348,0x00000000eee00000)
  to   space 5120K, 0% used [0x00000000f2c00000,0x00000000f2c00000,0x00000000f3100000)
 ParOldGen       total 84992K, used 11684K [0x00000000c0000000, 0x00000000c5300000, 0x00000000eab00000)
  object space 84992K, 13% used [0x00000000c0000000,0x00000000c0b693e0,0x00000000c5300000)
 Metaspace       used 6102K, capacity 7024K, committed 7296K, reserved 1056768K
  class space    used 594K, capacity 616K, committed 640K, reserved 1048576K
Event: 6.027 GC heap after
Heap after GC invocations=4 (full 0):
 PSYoungGen      total 132096K, used 5089K [0x00000000eab00000, 0x00000000f3100000, 0x0000000100000000)
  eden space 126976K, 0% used [0x00000000eab00000,0x00000000eab00000,0x00000000f2700000)
  from space 5120K, 99% used [0x00000000f2c00000,0x00000000f30f85c0,0x00000000f3100000)
  to   space 5120K, 0% used [0x00000000f2700000,0x00000000f2700000,0x00000000f2c00000)
 ParOldGen       total 84992K, used 21215K [0x00000000c0000000, 0x00000000c5300000, 0x00000000eab00000)
  object space 84992K, 24% used [0x00000000c0000000,0x00000000c14b7ff0,0x00000000c5300000)
 Metaspace       used 6102K, capacity 7024K, committed 7296K, reserved 1056768K
  class space    used 594K, capacity 616K, committed 640K, reserved 1048576K
}
Event: 7.562 GC heap before
{Heap before GC invocations=5 (full 0):
 PSYoungGen      total 132096K, used 132065K [0x00000000eab00000, 0x00000000f3100000, 0x0000000100000000)
  eden space 126976K, 100% used [0x00000000eab00000,0x00000000f2700000,0x00000000f2700000)
  from space 5120K, 99% used [0x00000000f2c00000,0x00000000f30f85c0,0x00000000f3100000)
  to   space 5120K, 0% used [0x00000000f2700000,0x00000000f2700000,0x00000000f2c00000)
 ParOldGen       total 84992K, used 21215K [0x00000000c0000000, 0x00000000c5300000, 0x00000000eab00000)
  object space 84992K, 24% used [0x00000000c0000000,0x00000000c14b7ff0,0x00000000c5300000)
 Metaspace       used 6339K, capacity 7192K, committed 7424K, reserved 1056768K
  class space    used 614K, capacity 656K, committed 768K, reserved 1048576K

Deoptimization events (10 events):
Event: 4.996 Thread 0x00007f21a8146800 Uncommon trap: reason=unstable_if action=reinterpret pc=0x00007f219849f63c method=com.android.dx.ssa.SsaMethod.updateOneDefinition(Lcom/android/dx/ssa/SsaInsn;Lcom/android/dx/rop/code/RegisterSpec;)V @ 4
Event: 5.843 Thread 0x00007f21a814d000 Uncommon trap: reason=unstable_if action=reinterpret pc=0x00007f219857c36c method=com.android.dx.ssa.SCCP.simulateStmt(Lcom/android/dx/ssa/SsaInsn;)V @ 53
Event: 5.848 Thread 0x00007f21a814d000 Uncommon trap: reason=unstable_if action=reinterpret pc=0x00007f21986515a8 method=com.android.dx.ssa.SCCP.simulateBranch(Lcom/android/dx/ssa/SsaInsn;)V @ 64
Event: 5.870 Thread 0x00007f21a814d000 Uncommon trap: reason=class_check action=maybe_recompile pc=0x00007f21984d546c method=java.util.HashMap.putVal(ILjava/lang/Object;Ljava/lang/Object;ZZ)Ljava/lang/Object; @ 203
Event: 7.215 Thread 0x00007f21a8146800 Uncommon trap: reason=unstable_if action=reinterpret pc=0x00007f21983d4c0c method=java.util.HashMap.putVal(ILjava/lang/Object;Ljava/lang/Object;ZZ)Ljava/lang/Object; @ 162
Event: 7.230 Thread 0x00007f21a8146800 Uncommon trap: reason=unstable_if action=reinterpret pc=0x00007f219861b9ec method=java.util.HashMap.getNode(ILjava/lang/Object;)Ljava/util/HashMap$Node; @ 84
Event: 7.235 Thread 0x00007f21a814a800 Uncommon trap: reason=bimorphic action=maybe_recompile pc=0x00007f21987f2488 method=com.android.dx.cf.code.BytecodeArray.parseInstruction(ILcom/android/dx/cf/code/BytecodeArray$Visitor;)I @ 1161
Event: 7.235 Thread 0x00007f21a814a800 Uncommon trap: reason=bimorphic action=maybe_recompile pc=0x00007f21987f2488 method=com.android.dx.cf.code.BytecodeArray.parseInstruction(ILcom/android/dx/cf/code/BytecodeArray$Visitor;)I @ 1161
Event: 7.375 Thread 0x00007f21a814d000 Uncommon trap: reason=bimorphic action=maybe_recompile pc=0x00007f21987f278c method=com.android.dx.cf.code.BytecodeArray.parseInstruction(ILcom/android/dx/cf/code/BytecodeArray$Visitor;)I @ 1357
Event: 7.375 Thread 0x00007f21a814d000 Uncommon trap: reason=bimorphic action=maybe_recompile pc=0x00007f21987f278c method=com.android.dx.cf.code.BytecodeArray.parseInstruction(ILcom/android/dx/cf/code/BytecodeArray$Visitor;)I @ 1357

Internal exceptions (6 events):
Event: 0.069 Thread 0x00007f21a800a000 Exception <a 'java/lang/NoSuchMethodError': Method sun.misc.Unsafe.defineClass(Ljava/lang/String;[BII)Ljava/lang/Class; name or signature does not match> (0x00000000eab07cc0) thrown at [/HUDSON3/workspace/8-2-build-linux-amd64/jdk8u101/7261/hotspot/src/sh
Event: 0.070 Thread 0x00007f21a800a000 Exception <a 'java/lang/NoSuchMethodError': Method sun.misc.Unsafe.prefetchRead(Ljava/lang/Object;J)V name or signature does not match> (0x00000000eab07fa8) thrown at [/HUDSON3/workspace/8-2-build-linux-amd64/jdk8u101/7261/hotspot/src/share/vm/prims/jni.c
Event: 4.138 Thread 0x00007f21a814b800 Implicit null exception at 0x00007f21984203d3 to 0x00007f2198422775
Event: 7.227 Thread 0x00007f21a8146800 Exception <a 'java/lang/ArrayIndexOutOfBoundsException': 18> (0x00000000f0c04ee8) thrown at [/HUDSON3/workspace/8-2-build-linux-amd64/jdk8u101/7261/hotspot/src/share/vm/interpreter/interpreterRuntime.cpp, line 366]
Event: 7.228 Thread 0x00007f21a8146800 Exception <a 'java/lang/ArrayIndexOutOfBoundsException': 145> (0x00000000f0c06a68) thrown at [/HUDSON3/workspace/8-2-build-linux-amd64/jdk8u101/7261/hotspot/src/share/vm/interpreter/interpreterRuntime.cpp, line 366]
Event: 7.229 Thread 0x00007f21a8146800 Exception <a 'java/lang/ArrayIndexOutOfBoundsException': 40> (0x00000000f0c07d50) thrown at [/HUDSON3/workspace/8-2-build-linux-amd64/jdk8u101/7261/hotspot/src/share/vm/interpreter/interpreterRuntime.cpp, line 366]

Events (10 events):
Event: 7.375 Thread 0x00007f21a814d000 DEOPT PACKING pc=0x00007f21987f278c sp=0x00007f2186416be0
Event: 7.375 Thread 0x00007f21a814d000 DEOPT UNPACKING pc=0x00007f219816f229 sp=0x00007f2186416b90 mode 2
Event: 7.375 Thread 0x00007f21a814d000 Uncommon trap: trap_request=0xffffffc6 fr.pc=0x00007f21987f278c
Event: 7.375 Thread 0x00007f21a814d000 DEOPT PACKING pc=0x00007f21987f278c sp=0x00007f2186416a40
Event: 7.375 Thread 0x00007f21a814d000 DEOPT UNPACKING pc=0x00007f219816f229 sp=0x00007f21864169f0 mode 2
Event: 7.438 Thread 0x00007f21a8146800 DEOPT PACKING pc=0x00007f2198516e6c sp=0x00007f218681b120
Event: 7.438 Thread 0x00007f21a8146800 DEOPT UNPACKING pc=0x00007f21981b1633 sp=0x00007f218681ae20 mode 0
Event: 7.489 Thread 0x00007f21a8146800 DEOPT PACKING pc=0x00007f219848f199 sp=0x00007f218681af90
Event: 7.489 Thread 0x00007f21a8146800 DEOPT UNPACKING pc=0x00007f21981b1633 sp=0x00007f218681acc8 mode 0
Event: 7.562 Executing VM operation: ParallelGCFailedAllocation


Dynamic libraries:
00400000-00401000 r-xp 00000000 08:0b 918954                             /opt/software/jdk1.8.0_101/bin/java
00600000-00601000 rw-p 00000000 08:0b 918954                             /opt/software/jdk1.8.0_101/bin/java
014e7000-01508000 rw-p 00000000 00:00 0                                  [heap]
c0000000-c5300000 rw-p 00000000 00:00 0 
c5300000-eab00000 ---p 00000000 00:00 0 
eab00000-f3100000 rw-p 00000000 00:00 0 
fd700000-100000000 ---p 00000000 00:00 0 
100000000-1000c0000 rw-p 00000000 00:00 0 
1000c0000-140000000 ---p 00000000 00:00 0 
7f2144000000-7f2144021000 rw-p 00000000 00:00 0 
7f2144021000-7f2148000000 ---p 00000000 00:00 0 
7f214c000000-7f214c021000 rw-p 00000000 00:00 0 
7f214c021000-7f2150000000 ---p 00000000 00:00 0 
7f2150000000-7f2150021000 rw-p 00000000 00:00 0 
7f2150021000-7f2154000000 ---p 00000000 00:00 0 
7f2154000000-7f215402b000 rw-p 00000000 00:00 0 
7f215402b000-7f2158000000 ---p 00000000 00:00 0 
7f2158000000-7f2158021000 rw-p 00000000 00:00 0 
7f2158021000-7f215c000000 ---p 00000000 00:00 0 
7f215c000000-7f215c021000 rw-p 00000000 00:00 0 
7f215c021000-7f2160000000 ---p 00000000 00:00 0 
7f2160000000-7f2160021000 rw-p 00000000 00:00 0 
7f2160021000-7f2164000000 ---p 00000000 00:00 0 
7f2164000000-7f2164732000 rw-p 00000000 00:00 0 
7f2164732000-7f2168000000 ---p 00000000 00:00 0 
7f2168000000-7f2168850000 rw-p 00000000 00:00 0 
7f2168850000-7f216c000000 ---p 00000000 00:00 0 
7f216c000000-7f216c021000 rw-p 00000000 00:00 0 
7f216c021000-7f2170000000 ---p 00000000 00:00 0 
7f2170000000-7f2170d57000 rw-p 00000000 00:00 0 
7f2170d57000-7f2174000000 ---p 00000000 00:00 0 
7f2174000000-7f2174021000 rw-p 00000000 00:00 0 
7f2174021000-7f2178000000 ---p 00000000 00:00 0 
7f2178000000-7f2178021000 rw-p 00000000 00:00 0 
7f2178021000-7f217c000000 ---p 00000000 00:00 0 
7f217c000000-7f217c28e000 rw-p 00000000 00:00 0 
7f217c28e000-7f2180000000 ---p 00000000 00:00 0 
7f2180000000-7f2180021000 rw-p 00000000 00:00 0 
7f2180021000-7f2184000000 ---p 00000000 00:00 0 
7f2186318000-7f218631b000 ---p 00000000 00:00 0 
7f218631b000-7f2186419000 rw-p 00000000 00:00 0 
7f2186419000-7f218641c000 ---p 00000000 00:00 0 
7f218641c000-7f218651a000 rw-p 00000000 00:00 0 
7f218651a000-7f218651d000 ---p 00000000 00:00 0 
7f218651d000-7f218661b000 rw-p 00000000 00:00 0 
7f218661b000-7f218661e000 ---p 00000000 00:00 0 
7f218661e000-7f218671c000 rw-p 00000000 00:00 0 
7f218671c000-7f218671f000 ---p 00000000 00:00 0 
7f218671f000-7f218681d000 rw-p 00000000 00:00 0 
7f218681d000-7f2186833000 r--s 000f1000 08:09 171358                     /home/tomyca/Downloads/androidpn-client/app/build/intermediates/exploded-aar/com.android.support/support-v4/23.4.0/jars/classes.jar
7f2186833000-7f2186834000 ---p 00000000 00:00 0 
7f2186834000-7f2186934000 rw-p 00000000 00:00 0 
7f2186934000-7f2186937000 ---p 00000000 00:00 0 
7f2186937000-7f2186a35000 rw-p 00000000 00:00 0 
7f2186a35000-7f2186a38000 ---p 00000000 00:00 0 
7f2186a38000-7f2186b36000 rw-p 00000000 00:00 0 
7f2186b36000-7f2186b39000 ---p 00000000 00:00 0 
7f2186b39000-7f2186c37000 rw-p 00000000 00:00 0 
7f2186c37000-7f2186c3a000 ---p 00000000 00:00 0 
7f2186c3a000-7f2186d38000 rw-p 00000000 00:00 0 
7f2186d38000-7f2186d3b000 ---p 00000000 00:00 0 
7f2186d3b000-7f2186e39000 rw-p 00000000 00:00 0 
7f2186e39000-7f21877f8000 r--p 00000000 08:0a 790159                     /usr/lib/locale/locale-archive
7f21877f8000-7f21877fb000 ---p 00000000 00:00 0 
7f21877fb000-7f21878f9000 rw-p 00000000 00:00 0 
7f21878f9000-7f21878fc000 ---p 00000000 00:00 0 
7f21878fc000-7f21879fa000 rw-p 00000000 00:00 0 
7f21879fa000-7f21879fb000 ---p 00000000 00:00 0 
7f21879fb000-7f2188000000 rw-p 00000000 00:00 0 
7f2188000000-7f2188021000 rw-p 00000000 00:00 0 
7f2188021000-7f218c000000 ---p 00000000 00:00 0 
7f218c000000-7f218c021000 rw-p 00000000 00:00 0 
7f218c021000-7f2190000000 ---p 00000000 00:00 0 
7f2190000000-7f2190021000 rw-p 00000000 00:00 0 
7f2190021000-7f2194000000 ---p 00000000 00:00 0 
7f2194009000-7f2194a76000 rw-p 00000000 00:00 0 
7f2194a76000-7f2194c4f000 r--s 03d29000 08:0b 919030                     /opt/software/jdk1.8.0_101/jre/lib/rt.jar
7f2194c4f000-7f21952cf000 rw-p 00000000 00:00 0 
7f21952cf000-7f219544f000 ---p 00000000 00:00 0 
7f219544f000-7f219764f000 rw-p 00000000 00:00 0 
7f219764f000-7f2197650000 ---p 00000000 00:00 0 
7f2197650000-7f2197750000 rw-p 00000000 00:00 0 
7f2197750000-7f2197751000 ---p 00000000 00:00 0 
7f2197751000-7f2197851000 rw-p 00000000 00:00 0 
7f2197851000-7f2197852000 ---p 00000000 00:00 0 
7f2197852000-7f2197952000 rw-p 00000000 00:00 0 
7f2197952000-7f2197953000 ---p 00000000 00:00 0 
7f2197953000-7f2197a7d000 rw-p 00000000 00:00 0 
7f2197a7d000-7f2197ba9000 ---p 00000000 00:00 0 
7f2197ba9000-7f2197bd3000 rw-p 00000000 00:00 0 
7f2197bd3000-7f2197cfe000 ---p 00000000 00:00 0 
7f2197cfe000-7f2197d42000 rw-p 00000000 00:00 0 
7f2197d42000-7f2197da9000 ---p 00000000 00:00 0 
7f2197da9000-7f2197dc6000 rw-p 00000000 00:00 0 
7f2197dc6000-7f219816a000 ---p 00000000 00:00 0 
7f219816a000-7f219883a000 rwxp 00000000 00:00 0 
7f219883a000-7f21a716a000 ---p 00000000 00:00 0 
7f21a716a000-7f21a7184000 r-xp 00000000 08:0b 919059                     /opt/software/jdk1.8.0_101/jre/lib/amd64/libzip.so
7f21a7184000-7f21a7384000 ---p 0001a000 08:0b 919059                     /opt/software/jdk1.8.0_101/jre/lib/amd64/libzip.so
7f21a7384000-7f21a7385000 rw-p 0001a000 08:0b 919059                     /opt/software/jdk1.8.0_101/jre/lib/amd64/libzip.so
7f21a7385000-7f21a7390000 r-xp 00000000 08:0b 1577775                    /lib/x86_64-linux-gnu/libnss_files-2.23.so
7f21a7390000-7f21a758f000 ---p 0000b000 08:0b 1577775                    /lib/x86_64-linux-gnu/libnss_files-2.23.so
7f21a758f000-7f21a7590000 r--p 0000a000 08:0b 1577775                    /lib/x86_64-linux-gnu/libnss_files-2.23.so
7f21a7590000-7f21a7591000 rw-p 0000b000 08:0b 1577775                    /lib/x86_64-linux-gnu/libnss_files-2.23.so
7f21a7591000-7f21a7597000 rw-p 00000000 00:00 0 
7f21a7597000-7f21a75a2000 r-xp 00000000 08:0b 1577785                    /lib/x86_64-linux-gnu/libnss_nis-2.23.so
7f21a75a2000-7f21a77a1000 ---p 0000b000 08:0b 1577785                    /lib/x86_64-linux-gnu/libnss_nis-2.23.so
7f21a77a1000-7f21a77a2000 r--p 0000a000 08:0b 1577785                    /lib/x86_64-linux-gnu/libnss_nis-2.23.so
7f21a77a2000-7f21a77a3000 rw-p 0000b000 08:0b 1577785                    /lib/x86_64-linux-gnu/libnss_nis-2.23.so
7f21a77a3000-7f21a77b9000 r-xp 00000000 08:0b 1577769                    /lib/x86_64-linux-gnu/libnsl-2.23.so
7f21a77b9000-7f21a79b8000 ---p 00016000 08:0b 1577769                    /lib/x86_64-linux-gnu/libnsl-2.23.so
7f21a79b8000-7f21a79b9000 r--p 00015000 08:0b 1577769                    /lib/x86_64-linux-gnu/libnsl-2.23.so
7f21a79b9000-7f21a79ba000 rw-p 00016000 08:0b 1577769                    /lib/x86_64-linux-gnu/libnsl-2.23.so
7f21a79ba000-7f21a79bc000 rw-p 00000000 00:00 0 
7f21a79bc000-7f21a79c4000 r-xp 00000000 08:0b 1577771                    /lib/x86_64-linux-gnu/libnss_compat-2.23.so
7f21a79c4000-7f21a7bc3000 ---p 00008000 08:0b 1577771                    /lib/x86_64-linux-gnu/libnss_compat-2.23.so
7f21a7bc3000-7f21a7bc4000 r--p 00007000 08:0b 1577771                    /lib/x86_64-linux-gnu/libnss_compat-2.23.so
7f21a7bc4000-7f21a7bc5000 rw-p 00008000 08:0b 1577771                    /lib/x86_64-linux-gnu/libnss_compat-2.23.so
7f21a7bc5000-7f21a7bef000 r-xp 00000000 08:0b 919085                     /opt/software/jdk1.8.0_101/jre/lib/amd64/libjava.so
7f21a7bef000-7f21a7def000 ---p 0002a000 08:0b 919085                     /opt/software/jdk1.8.0_101/jre/lib/amd64/libjava.so
7f21a7def000-7f21a7df1000 rw-p 0002a000 08:0b 919085                     /opt/software/jdk1.8.0_101/jre/lib/amd64/libjava.so
7f21a7df1000-7f21a7dfe000 r-xp 00000000 08:0b 919039                     /opt/software/jdk1.8.0_101/jre/lib/amd64/libverify.so
7f21a7dfe000-7f21a7ffe000 ---p 0000d000 08:0b 919039                     /opt/software/jdk1.8.0_101/jre/lib/amd64/libverify.so
7f21a7ffe000-7f21a8000000 rw-p 0000d000 08:0b 919039                     /opt/software/jdk1.8.0_101/jre/lib/amd64/libverify.so
7f21a8000000-7f21a8396000 rw-p 00000000 00:00 0 
7f21a8396000-7f21ac000000 ---p 00000000 00:00 0 
7f21ac000000-7f21ac00e000 r--s 000e0000 08:0b 2513605                    /software/Android/Sdk/build-tools/25.0.0/lib/dx.jar
7f21ac00e000-7f21ac0c6000 rw-p 00000000 00:00 0 
7f21ac0c6000-7f21ac0cd000 r-xp 00000000 08:0b 1577830                    /lib/x86_64-linux-gnu/librt-2.23.so
7f21ac0cd000-7f21ac2cc000 ---p 00007000 08:0b 1577830                    /lib/x86_64-linux-gnu/librt-2.23.so
7f21ac2cc000-7f21ac2cd000 r--p 00006000 08:0b 1577830                    /lib/x86_64-linux-gnu/librt-2.23.so
7f21ac2cd000-7f21ac2ce000 rw-p 00007000 08:0b 1577830                    /lib/x86_64-linux-gnu/librt-2.23.so
7f21ac2ce000-7f21ac3d6000 r-xp 00000000 08:0b 1577746                    /lib/x86_64-linux-gnu/libm-2.23.so
7f21ac3d6000-7f21ac5d5000 ---p 00108000 08:0b 1577746                    /lib/x86_64-linux-gnu/libm-2.23.so
7f21ac5d5000-7f21ac5d6000 r--p 00107000 08:0b 1577746                    /lib/x86_64-linux-gnu/libm-2.23.so
7f21ac5d6000-7f21ac5d7000 rw-p 00108000 08:0b 1577746                    /lib/x86_64-linux-gnu/libm-2.23.so
7f21ac5d7000-7f21ad2a2000 r-xp 00000000 08:0b 919089                     /opt/software/jdk1.8.0_101/jre/lib/amd64/server/libjvm.so
7f21ad2a2000-7f21ad4a1000 ---p 00ccb000 08:0b 919089                     /opt/software/jdk1.8.0_101/jre/lib/amd64/server/libjvm.so
7f21ad4a1000-7f21ad57a000 rw-p 00cca000 08:0b 919089                     /opt/software/jdk1.8.0_101/jre/lib/amd64/server/libjvm.so
7f21ad57a000-7f21ad5c5000 rw-p 00000000 00:00 0 
7f21ad5c5000-7f21ad785000 r-xp 00000000 08:0b 1577676                    /lib/x86_64-linux-gnu/libc-2.23.so
7f21ad785000-7f21ad984000 ---p 001c0000 08:0b 1577676                    /lib/x86_64-linux-gnu/libc-2.23.so
7f21ad984000-7f21ad988000 r--p 001bf000 08:0b 1577676                    /lib/x86_64-linux-gnu/libc-2.23.so
7f21ad988000-7f21ad98a000 rw-p 001c3000 08:0b 1577676                    /lib/x86_64-linux-gnu/libc-2.23.so
7f21ad98a000-7f21ad98e000 rw-p 00000000 00:00 0 
7f21ad98e000-7f21ad991000 r-xp 00000000 08:0b 1577700                    /lib/x86_64-linux-gnu/libdl-2.23.so
7f21ad991000-7f21adb90000 ---p 00003000 08:0b 1577700                    /lib/x86_64-linux-gnu/libdl-2.23.so
7f21adb90000-7f21adb91000 r--p 00002000 08:0b 1577700                    /lib/x86_64-linux-gnu/libdl-2.23.so
7f21adb91000-7f21adb92000 rw-p 00003000 08:0b 1577700                    /lib/x86_64-linux-gnu/libdl-2.23.so
7f21adb92000-7f21adba7000 r-xp 00000000 08:0b 918173                     /opt/software/jdk1.8.0_101/lib/amd64/jli/libjli.so
7f21adba7000-7f21adda7000 ---p 00015000 08:0b 918173                     /opt/software/jdk1.8.0_101/lib/amd64/jli/libjli.so
7f21adda7000-7f21adda8000 rw-p 00015000 08:0b 918173                     /opt/software/jdk1.8.0_101/lib/amd64/jli/libjli.so
7f21adda8000-7f21addc0000 r-xp 00000000 08:0b 1577822                    /lib/x86_64-linux-gnu/libpthread-2.23.so
7f21addc0000-7f21adfbf000 ---p 00018000 08:0b 1577822                    /lib/x86_64-linux-gnu/libpthread-2.23.so
7f21adfbf000-7f21adfc0000 r--p 00017000 08:0b 1577822                    /lib/x86_64-linux-gnu/libpthread-2.23.so
7f21adfc0000-7f21adfc1000 rw-p 00018000 08:0b 1577822                    /lib/x86_64-linux-gnu/libpthread-2.23.so
7f21adfc1000-7f21adfc5000 rw-p 00000000 00:00 0 
7f21adfc5000-7f21adfeb000 r-xp 00000000 08:0b 1577648                    /lib/x86_64-linux-gnu/ld-2.23.so
7f21adfef000-7f21ae0c1000 rw-p 00000000 00:00 0 
7f21ae0c1000-7f21ae0c4000 ---p 00000000 00:00 0 
7f21ae0c4000-7f21ae1c6000 rw-p 00000000 00:00 0 
7f21ae1ca000-7f21ae1de000 rw-p 00000000 00:00 0 
7f21ae1de000-7f21ae1e6000 rw-s 00000000 08:0b 2359852                    /tmp/hsperfdata_tomyca/17028
7f21ae1e6000-7f21ae1e7000 rw-p 00000000 00:00 0 
7f21ae1e7000-7f21ae1e8000 ---p 00000000 00:00 0 
7f21ae1e8000-7f21ae1ea000 rw-p 00000000 00:00 0 
7f21ae1ea000-7f21ae1eb000 r--p 00025000 08:0b 1577648                    /lib/x86_64-linux-gnu/ld-2.23.so
7f21ae1eb000-7f21ae1ec000 rw-p 00026000 08:0b 1577648                    /lib/x86_64-linux-gnu/ld-2.23.so
7f21ae1ec000-7f21ae1ed000 rw-p 00000000 00:00 0 
7fffe8f6d000-7fffe8f8e000 rw-p 00000000 00:00 0                          [stack]
7fffe8fbe000-7fffe8fc0000 r--p 00000000 00:00 0                          [vvar]
7fffe8fc0000-7fffe8fc2000 r-xp 00000000 00:00 0                          [vdso]
ffffffffff600000-ffffffffff601000 r-xp 00000000 00:00 0                  [vsyscall]

VM Arguments:
jvm_args: -Djava.awt.headless=true -Xmx1024M -Dfile.encoding=UTF-8 -Duser.country=US -Duser.language=en -Duser.variant 
java_command: com.android.dx.command.Main --dex --force-jumbo --num-threads=4 --output /home/tomyca/Downloads/androidpn-client/app/build/intermediates/pre-dexed/debug/com.android.support-support-v4-23.4.0_05f6067dc3c8f9a76861a5151a5187b495125bf7.jar /home/tomyca/Downloads/androidpn-client/app/build/intermediates/exploded-aar/com.android.support/support-v4/23.4.0/jars/classes.jar
java_class_path (initial): /software/Android/Sdk/build-tools/25.0.0/lib/dx.jar
Launcher Type: SUN_STANDARD

Environment Variables:
JAVA_HOME=/opt/software/jdk1.8.0_101
CLASSPATH=/opt/software/android_studio_2.1/android-studio/bin/../lib/bootstrap.jar:/opt/software/android_studio_2.1/android-studio/bin/../lib/extensions.jar:/opt/software/android_studio_2.1/android-studio/bin/../lib/util.jar:/opt/software/android_studio_2.1/android-studio/bin/../lib/jdom.jar:/opt/software/android_studio_2.1/android-studio/bin/../lib/log4j.jar:/opt/software/android_studio_2.1/android-studio/bin/../lib/trove4j.jar:/opt/software/android_studio_2.1/android-studio/bin/../lib/jna.jar:/opt/software/jdk1.8.0_101/lib/tools.jar
PATH=/opt/software/jdk1.8.0_101/bin:/usr/local/sbin:/usr/local/bin:/usr/sbin:/usr/bin:/sbin:/bin:/usr/games:/usr/local/games:/snap/bin
LD_LIBRARY_PATH=/opt/software/android_studio_2.1/android-studio/bin:
SHELL=/bin/bash
DISPLAY=:0

Signal Handlers:
SIGSEGV: [libjvm.so+0xac4790], sa_mask[0]=11111111011111111101111111111110, sa_flags=SA_RESTART|SA_SIGINFO
SIGBUS: [libjvm.so+0xac4790], sa_mask[0]=11111111011111111101111111111110, sa_flags=SA_RESTART|SA_SIGINFO
SIGFPE: [libjvm.so+0x91f140], sa_mask[0]=11111111011111111101111111111110, sa_flags=SA_RESTART|SA_SIGINFO
SIGPIPE: [libjvm.so+0x91f140], sa_mask[0]=11111111011111111101111111111110, sa_flags=SA_RESTART|SA_SIGINFO
SIGXFSZ: [libjvm.so+0x91f140], sa_mask[0]=11111111011111111101111111111110, sa_flags=SA_RESTART|SA_SIGINFO
SIGILL: [libjvm.so+0x91f140], sa_mask[0]=11111111011111111101111111111110, sa_flags=SA_RESTART|SA_SIGINFO
SIGUSR1: SIG_DFL, sa_mask[0]=00000000000000000000000000000000, sa_flags=none
SIGUSR2: [libjvm.so+0x920770], sa_mask[0]=00100000000000000000000000000000, sa_flags=SA_RESTART|SA_SIGINFO
SIGHUP: [libjvm.so+0x921b70], sa_mask[0]=11111111011111111101111111111110, sa_flags=SA_RESTART|SA_SIGINFO
SIGINT: [libjvm.so+0x921b70], sa_mask[0]=11111111011111111101111111111110, sa_flags=SA_RESTART|SA_SIGINFO
SIGTERM: [libjvm.so+0x921b70], sa_mask[0]=11111111011111111101111111111110, sa_flags=SA_RESTART|SA_SIGINFO
SIGQUIT: [libjvm.so+0x921b70], sa_mask[0]=11111111011111111101111111111110, sa_flags=SA_RESTART|SA_SIGINFO


---------------  S Y S T E M  ---------------

OS:DISTRIB_ID=Ubuntu
DISTRIB_RELEASE=16.04
DISTRIB_CODENAME=xenial
DISTRIB_DESCRIPTION="Ubuntu 16.04.1 LTS"

uname:Linux 4.4.0-53-generic #74-Ubuntu SMP Fri Dec 2 15:59:10 UTC 2016 x86_64
libc:glibc 2.23 NPTL 2.23 
rlimit: STACK 8192k, CORE 0k, NPROC 30616, NOFILE 65536, AS infinity
load average:6.16 1.97 1.21

/proc/meminfo:
MemTotal:        8058468 kB
MemFree:          120060 kB
MemAvailable:      44004 kB
Buffers:            1560 kB
Cached:           529560 kB
SwapCached:            0 kB
Active:          7256140 kB
Inactive:         445132 kB
Active(anon):    7217236 kB
Inactive(anon):   420568 kB
Active(file):      38904 kB
Inactive(file):    24564 kB
Unevictable:          48 kB
Mlocked:              48 kB
SwapTotal:             0 kB
SwapFree:              0 kB
Dirty:              7460 kB
Writeback:             0 kB
AnonPages:       7170480 kB
Mapped:           218736 kB
Shmem:            467520 kB
Slab:             104444 kB
SReclaimable:      56292 kB
SUnreclaim:        48152 kB
KernelStack:       14816 kB
PageTables:        60204 kB
NFS_Unstable:          0 kB
Bounce:                0 kB
WritebackTmp:          0 kB
CommitLimit:     4029232 kB
Committed_AS:   12596516 kB
VmallocTotal:   34359738367 kB
VmallocUsed:           0 kB
VmallocChunk:          0 kB
HardwareCorrupted:     0 kB
AnonHugePages:   4253696 kB
CmaTotal:              0 kB
CmaFree:               0 kB
HugePages_Total:       0
HugePages_Free:        0
HugePages_Rsvd:        0
HugePages_Surp:        0
Hugepagesize:       2048 kB
DirectMap4k:      163920 kB
DirectMap2M:     8108032 kB


CPU:total 4 (2 cores per cpu, 2 threads per core) family 6 model 58 stepping 9, cmov, cx8, fxsr, mmx, sse, sse2, sse3, ssse3, sse4.1, sse4.2, popcnt, avx, aes, clmul, erms, ht, tsc, tscinvbit, tscinv

/proc/cpuinfo:
processor	: 0
vendor_id	: GenuineIntel
cpu family	: 6
model		: 58
model name	: Intel(R) Core(TM) i5-3230M CPU @ 2.60GHz
stepping	: 9
microcode	: 0x15
cpu MHz		: 2999.953
cache size	: 3072 KB
physical id	: 0
siblings	: 4
core id		: 0
cpu cores	: 2
apicid		: 0
initial apicid	: 0
fpu		: yes
fpu_exception	: yes
cpuid level	: 13
wp		: yes
flags		: fpu vme de pse tsc msr pae mce cx8 apic sep mtrr pge mca cmov pat pse36 clflush dts acpi mmx fxsr sse sse2 ss ht tm pbe syscall nx rdtscp lm constant_tsc arch_perfmon pebs bts rep_good nopl xtopology nonstop_tsc aperfmperf eagerfpu pni pclmulqdq dtes64 monitor ds_cpl vmx est tm2 ssse3 cx16 xtpr pdcm pcid sse4_1 sse4_2 x2apic popcnt tsc_deadline_timer aes xsave avx f16c rdrand lahf_lm epb tpr_shadow vnmi flexpriority ept vpid fsgsbase smep erms xsaveopt dtherm ida arat pln pts
bugs		:
bogomips	: 5188.36
clflush size	: 64
cache_alignment	: 64
address sizes	: 36 bits physical, 48 bits virtual
power management:

processor	: 1
vendor_id	: GenuineIntel
cpu family	: 6
model		: 58
model name	: Intel(R) Core(TM) i5-3230M CPU @ 2.60GHz
stepping	: 9
microcode	: 0x15
cpu MHz		: 2999.953
cache size	: 3072 KB
physical id	: 0
siblings	: 4
core id		: 1
cpu cores	: 2
apicid		: 2
initial apicid	: 2
fpu		: yes
fpu_exception	: yes
cpuid level	: 13
wp		: yes
flags		: fpu vme de pse tsc msr pae mce cx8 apic sep mtrr pge mca cmov pat pse36 clflush dts acpi mmx fxsr sse sse2 ss ht tm pbe syscall nx rdtscp lm constant_tsc arch_perfmon pebs bts rep_good nopl xtopology nonstop_tsc aperfmperf eagerfpu pni pclmulqdq dtes64 monitor ds_cpl vmx est tm2 ssse3 cx16 xtpr pdcm pcid sse4_1 sse4_2 x2apic popcnt tsc_deadline_timer aes xsave avx f16c rdrand lahf_lm epb tpr_shadow vnmi flexpriority ept vpid fsgsbase smep erms xsaveopt dtherm ida arat pln pts
bugs		:
bogomips	: 5188.36
clflush size	: 64
cache_alignment	: 64
address sizes	: 36 bits physical, 48 bits virtual
power management:

processor	: 2
vendor_id	: GenuineIntel
cpu family	: 6
model		: 58
model name	: Intel(R) Core(TM) i5-3230M CPU @ 2.60GHz
stepping	: 9
microcode	: 0x15
cpu MHz		: 2999.953
cache size	: 3072 KB
physical id	: 0
siblings	: 4
core id		: 0
cpu cores	: 2
apicid		: 1
initial apicid	: 1
fpu		: yes
fpu_exception	: yes
cpuid level	: 13
wp		: yes
flags		: fpu vme de pse tsc msr pae mce cx8 apic sep mtrr pge mca cmov pat pse36 clflush dts acpi mmx fxsr sse sse2 ss ht tm pbe syscall nx rdtscp lm constant_tsc arch_perfmon pebs bts rep_good nopl xtopology nonstop_tsc aperfmperf eagerfpu pni pclmulqdq dtes64 monitor ds_cpl vmx est tm2 ssse3 cx16 xtpr pdcm pcid sse4_1 sse4_2 x2apic popcnt tsc_deadline_timer aes xsave avx f16c rdrand lahf_lm epb tpr_shadow vnmi flexpriority ept vpid fsgsbase smep erms xsaveopt dtherm ida arat pln pts
bugs		:
bogomips	: 5188.36
clflush size	: 64
cache_alignment	: 64
address sizes	: 36 bits physical, 48 bits virtual
power management:

processor	: 3
vendor_id	: GenuineIntel
cpu family	: 6
model		: 58
model name	: Intel(R) Core(TM) i5-3230M CPU @ 2.60GHz
stepping	: 9
microcode	: 0x15
cpu MHz		: 2999.953
cache size	: 3072 KB
physical id	: 0
siblings	: 4
core id		: 1
cpu cores	: 2
apicid		: 3
initial apicid	: 3
fpu		: yes
fpu_exception	: yes
cpuid level	: 13
wp		: yes
flags		: fpu vme de pse tsc msr pae mce cx8 apic sep mtrr pge mca cmov pat pse36 clflush dts acpi mmx fxsr sse sse2 ss ht tm pbe syscall nx rdtscp lm constant_tsc arch_perfmon pebs bts rep_good nopl xtopology nonstop_tsc aperfmperf eagerfpu pni pclmulqdq dtes64 monitor ds_cpl vmx est tm2 ssse3 cx16 xtpr pdcm pcid sse4_1 sse4_2 x2apic popcnt tsc_deadline_timer aes xsave avx f16c rdrand lahf_lm epb tpr_shadow vnmi flexpriority ept vpid fsgsbase smep erms xsaveopt dtherm ida arat pln pts
bugs		:
bogomips	: 5188.36
clflush size	: 64
cache_alignment	: 64
address sizes	: 36 bits physical, 48 bits virtual
power management:



Memory: 4k page, physical 8058468k(120060k free), swap 0k(0k free)

vm_info: Java HotSpot(TM) 64-Bit Server VM (25.101-b13) for linux-amd64 JRE (1.8.0_101-b13), built on Jun 22 2016 02:59:44 by "java_re" with gcc 4.3.0 20080428 (Red Hat 4.3.0-8)

time: Sat Dec 17 11:20:31 2016
elapsed time: 7 seconds (0d 0h 0m 7s)

